0 info it worked if it ends with ok
1 verbose cli [ 'node',
1 verbose cli   '/usr/local/bin/npm',
1 verbose cli   'install',
1 verbose cli   'connect',
1 verbose cli   'serve-static' ]
2 info using npm@1.4.28
3 info using node@v0.10.32
4 verbose cache add [ 'connect', null ]
5 verbose cache add name=undefined spec="connect" args=["connect",null]
6 verbose parsed url { protocol: null,
6 verbose parsed url   slashes: null,
6 verbose parsed url   auth: null,
6 verbose parsed url   host: null,
6 verbose parsed url   port: null,
6 verbose parsed url   hostname: null,
6 verbose parsed url   hash: null,
6 verbose parsed url   search: null,
6 verbose parsed url   query: null,
6 verbose parsed url   pathname: 'connect',
6 verbose parsed url   path: 'connect',
6 verbose parsed url   href: 'connect' }
7 verbose cache add [ 'serve-static', null ]
8 verbose cache add name=undefined spec="serve-static" args=["serve-static",null]
9 verbose parsed url { protocol: null,
9 verbose parsed url   slashes: null,
9 verbose parsed url   auth: null,
9 verbose parsed url   host: null,
9 verbose parsed url   port: null,
9 verbose parsed url   hostname: null,
9 verbose parsed url   hash: null,
9 verbose parsed url   search: null,
9 verbose parsed url   query: null,
9 verbose parsed url   pathname: 'serve-static',
9 verbose parsed url   path: 'serve-static',
9 verbose parsed url   href: 'serve-static' }
10 silly lockFile f11a107f-connect connect
11 verbose lock connect /Users/martinpuertas/.npm/f11a107f-connect.lock
12 silly lockFile fae0c2c0-serve-static serve-static
13 verbose lock serve-static /Users/martinpuertas/.npm/fae0c2c0-serve-static.lock
14 silly lockFile f11a107f-connect connect
15 silly lockFile f11a107f-connect connect
16 silly lockFile fae0c2c0-serve-static serve-static
17 silly lockFile fae0c2c0-serve-static serve-static
18 verbose addNamed [ 'connect', '' ]
19 verbose addNamed [ null, '*' ]
20 silly lockFile 6c45e0f3-connect connect@
21 verbose lock connect@ /Users/martinpuertas/.npm/6c45e0f3-connect.lock
22 verbose addNamed [ 'serve-static', '' ]
23 verbose addNamed [ null, '*' ]
24 silly lockFile 5f35dc5b-serve-static serve-static@
25 verbose lock serve-static@ /Users/martinpuertas/.npm/5f35dc5b-serve-static.lock
26 silly addNameRange { name: 'connect', range: '*', hasData: false }
27 silly addNameRange { name: 'serve-static', range: '*', hasData: false }
28 verbose request where is /connect
29 verbose request registry https://registry.npmjs.org/
30 verbose request id fb7a35085b8512f9
31 verbose url raw /connect
32 verbose url resolving [ 'https://registry.npmjs.org/', './connect' ]
33 verbose url resolved https://registry.npmjs.org/connect
34 verbose request where is https://registry.npmjs.org/connect
35 info trying registry request attempt 1 at 10:58:23
36 verbose etag "28V7RJS8W97OJI0C41OQ52WZH"
37 http GET https://registry.npmjs.org/connect
38 verbose request where is /serve-static
39 verbose request registry https://registry.npmjs.org/
40 verbose url raw /serve-static
41 verbose url resolving [ 'https://registry.npmjs.org/', './serve-static' ]
42 verbose url resolved https://registry.npmjs.org/serve-static
43 verbose request where is https://registry.npmjs.org/serve-static
44 info trying registry request attempt 1 at 10:58:23
45 verbose etag "4WUUU9IS0SCZSEIOKQK7S2PUX"
46 http GET https://registry.npmjs.org/serve-static
47 http 304 https://registry.npmjs.org/connect
48 silly registry.get cb [ 304,
48 silly registry.get   { date: 'Mon, 03 Nov 2014 09:58:23 GMT',
48 silly registry.get     server: 'Apache',
48 silly registry.get     via: '1.1 varnish',
48 silly registry.get     'last-modified': 'Mon, 03 Nov 2014 09:58:23 GMT',
48 silly registry.get     'cache-control': 'max-age=60',
48 silly registry.get     etag: '"28V7RJS8W97OJI0C41OQ52WZH"',
48 silly registry.get     age: '29',
48 silly registry.get     'x-served-by': 'cache-ams4135-AMS',
48 silly registry.get     'x-cache': 'HIT',
48 silly registry.get     'x-cache-hits': '1',
48 silly registry.get     'x-timer': 'S1415008703.534798,VS0,VE1',
48 silly registry.get     vary: 'Accept',
48 silly registry.get     'content-length': '0',
48 silly registry.get     'keep-alive': 'timeout=10, max=50',
48 silly registry.get     connection: 'Keep-Alive' } ]
49 verbose etag https://registry.npmjs.org/connect from cache
50 http 304 https://registry.npmjs.org/serve-static
51 silly registry.get cb [ 304,
51 silly registry.get   { date: 'Mon, 03 Nov 2014 09:58:23 GMT',
51 silly registry.get     server: 'Apache',
51 silly registry.get     via: '1.1 varnish',
51 silly registry.get     'last-modified': 'Mon, 03 Nov 2014 09:58:23 GMT',
51 silly registry.get     'cache-control': 'max-age=60',
51 silly registry.get     etag: '"4WUUU9IS0SCZSEIOKQK7S2PUX"',
51 silly registry.get     age: '46',
51 silly registry.get     'x-served-by': 'cache-ams4126-AMS',
51 silly registry.get     'x-cache': 'HIT',
51 silly registry.get     'x-cache-hits': '1',
51 silly registry.get     'x-timer': 'S1415008703.544243,VS0,VE0',
51 silly registry.get     vary: 'Accept',
51 silly registry.get     'content-length': '0',
51 silly registry.get     'keep-alive': 'timeout=10, max=50',
51 silly registry.get     connection: 'Keep-Alive' } ]
52 verbose etag https://registry.npmjs.org/serve-static from cache
53 silly addNameRange number 2 { name: 'connect', range: '*', hasData: true }
54 silly addNameRange versions [ 'connect',
54 silly addNameRange   [ '0.0.1',
54 silly addNameRange     '0.0.2',
54 silly addNameRange     '0.0.3',
54 silly addNameRange     '0.0.4',
54 silly addNameRange     '0.0.5',
54 silly addNameRange     '0.0.6',
54 silly addNameRange     '0.1.0',
54 silly addNameRange     '0.2.0',
54 silly addNameRange     '0.2.1',
54 silly addNameRange     '0.2.2',
54 silly addNameRange     '0.2.3',
54 silly addNameRange     '0.2.4',
54 silly addNameRange     '0.2.5',
54 silly addNameRange     '0.2.6',
54 silly addNameRange     '0.2.7',
54 silly addNameRange     '0.3.0',
54 silly addNameRange     '0.4.0',
54 silly addNameRange     '0.5.0',
54 silly addNameRange     '0.5.1',
54 silly addNameRange     '0.5.2',
54 silly addNameRange     '0.5.3',
54 silly addNameRange     '0.5.4',
54 silly addNameRange     '0.5.5',
54 silly addNameRange     '0.5.6',
54 silly addNameRange     '0.5.7',
54 silly addNameRange     '0.5.8',
54 silly addNameRange     '0.5.9',
54 silly addNameRange     '0.5.10',
54 silly addNameRange     '1.0.0',
54 silly addNameRange     '1.0.1',
54 silly addNameRange     '1.0.2',
54 silly addNameRange     '1.0.3',
54 silly addNameRange     '1.0.4',
54 silly addNameRange     '1.0.5',
54 silly addNameRange     '1.0.6',
54 silly addNameRange     '1.1.0',
54 silly addNameRange     '1.1.1',
54 silly addNameRange     '1.1.2',
54 silly addNameRange     '1.1.3',
54 silly addNameRange     '1.1.4',
54 silly addNameRange     '1.1.5',
54 silly addNameRange     '1.2.0',
54 silly addNameRange     '1.2.1',
54 silly addNameRange     '1.2.2',
54 silly addNameRange     '1.2.3',
54 silly addNameRange     '1.3.0',
54 silly addNameRange     '1.4.0',
54 silly addNameRange     '1.4.1',
54 silly addNameRange     '1.4.2',
54 silly addNameRange     '1.4.3',
54 silly addNameRange     '1.4.4',
54 silly addNameRange     '1.4.5',
54 silly addNameRange     '1.4.6',
54 silly addNameRange     '1.5.0',
54 silly addNameRange     '1.5.1',
54 silly addNameRange     '1.5.2',
54 silly addNameRange     '1.6.0',
54 silly addNameRange     '1.6.1',
54 silly addNameRange     '1.6.2',
54 silly addNameRange     '1.6.3',
54 silly addNameRange     '1.6.4',
54 silly addNameRange     '1.7.0',
54 silly addNameRange     '1.7.1',
54 silly addNameRange     '1.7.2',
54 silly addNameRange     '1.7.3',
54 silly addNameRange     '1.8.0',
54 silly addNameRange     '1.8.1',
54 silly addNameRange     '1.8.2',
54 silly addNameRange     '1.8.3',
54 silly addNameRange     '1.8.4',
54 silly addNameRange     '1.8.5',
54 silly addNameRange     '2.0.0',
54 silly addNameRange     '2.0.1',
54 silly addNameRange     '2.0.2',
54 silly addNameRange     '2.0.3',
54 silly addNameRange     '1.8.6',
54 silly addNameRange     '2.1.0',
54 silly addNameRange     '2.1.1',
54 silly addNameRange     '2.1.2',
54 silly addNameRange     '1.8.7',
54 silly addNameRange     '2.1.3',
54 silly addNameRange     '2.2.0',
54 silly addNameRange     '2.2.1',
54 silly addNameRange     '2.2.2',
54 silly addNameRange     '2.3.0',
54 silly addNameRange     '2.3.1',
54 silly addNameRange     '2.3.2',
54 silly addNameRange     '2.3.3',
54 silly addNameRange     '1.9.0',
54 silly addNameRange     '1.9.1',
54 silly addNameRange     '2.3.4',
54 silly addNameRange     '2.3.5',
54 silly addNameRange     '2.3.6',
54 silly addNameRange     '2.3.7',
54 silly addNameRange     '1.9.2',
54 silly addNameRange     '2.3.8',
54 silly addNameRange     '2.3.9',
54 silly addNameRange     '2.4.0',
54 silly addNameRange     '2.4.1',
54 silly addNameRange     '2.4.2',
54 silly addNameRange     '2.4.3',
54 silly addNameRange     '2.4.4',
54 silly addNameRange     '2.4.5',
54 silly addNameRange     '2.4.6',
54 silly addNameRange     '2.5.0',
54 silly addNameRange     '2.6.0',
54 silly addNameRange     '2.6.1',
54 silly addNameRange     '2.6.2',
54 silly addNameRange     '2.7.0',
54 silly addNameRange     '2.7.1',
54 silly addNameRange     '2.7.2',
54 silly addNameRange     '2.7.3',
54 silly addNameRange     '2.7.4',
54 silly addNameRange     '2.7.5',
54 silly addNameRange     '2.7.6',
54 silly addNameRange     '2.7.7',
54 silly addNameRange     '2.7.8',
54 silly addNameRange     '2.7.9',
54 silly addNameRange     '2.7.10',
54 silly addNameRange     '2.7.11',
54 silly addNameRange     '2.8.0',
54 silly addNameRange     '2.8.1',
54 silly addNameRange     '2.8.2',
54 silly addNameRange     '2.8.3',
54 silly addNameRange     '2.8.4',
54 silly addNameRange     '2.8.5',
54 silly addNameRange     '2.8.6',
54 silly addNameRange     '2.8.7',
54 silly addNameRange     '2.8.8',
54 silly addNameRange     '2.9.0',
54 silly addNameRange     '2.9.1',
54 silly addNameRange     '2.9.2',
54 silly addNameRange     '2.10.0',
54 silly addNameRange     '2.10.1',
54 silly addNameRange     '2.11.0',
54 silly addNameRange     '2.11.1',
54 silly addNameRange     '2.11.2',
54 silly addNameRange     '2.12.0',
54 silly addNameRange     '2.13.0',
54 silly addNameRange     '2.13.1',
54 silly addNameRange     '2.14.0',
54 silly addNameRange     '2.14.1',
54 silly addNameRange     '3.0.0-rc.1',
54 silly addNameRange     '2.14.2',
54 silly addNameRange     '2.14.3',
54 silly addNameRange     '2.14.4',
54 silly addNameRange     '2.14.5',
54 silly addNameRange     '2.15.0',
54 silly addNameRange     '3.0.0-rc.2',
54 silly addNameRange     '2.16.0',
54 silly addNameRange     '2.16.1',
54 silly addNameRange     '2.16.2',
54 silly addNameRange     '2.17.0',
54 silly addNameRange     '2.17.1',
54 silly addNameRange     '2.17.2',
54 silly addNameRange     '2.17.3',
54 silly addNameRange     '2.18.0',
54 silly addNameRange     '3.0.0',
54 silly addNameRange     '2.19.0',
54 silly addNameRange     '2.19.1',
54 silly addNameRange     '2.19.2',
54 silly addNameRange     '2.19.3',
54 silly addNameRange     '2.19.4',
54 silly addNameRange     '2.19.5',
54 silly addNameRange     '2.19.6',
54 silly addNameRange     '2.20.0',
54 silly addNameRange     '2.20.1',
54 silly addNameRange     '2.20.2',
54 silly addNameRange     '3.0.1',
54 silly addNameRange     '2.21.0',
54 silly addNameRange     '2.21.1',
54 silly addNameRange     '2.22.0',
54 silly addNameRange     '2.23.0',
54 silly addNameRange     '3.0.2',
54 silly addNameRange     '2.24.0',
54 silly addNameRange     '3.1.0',
54 silly addNameRange     '2.24.1',
54 silly addNameRange     '2.24.2',
54 silly addNameRange     '2.24.3',
54 silly addNameRange     '2.25.0',
54 silly addNameRange     '2.25.1',
54 silly addNameRange     '2.25.2',
54 silly addNameRange     '2.25.3',
54 silly addNameRange     '2.25.4',
54 silly addNameRange     '3.1.1',
54 silly addNameRange     '2.25.5',
54 silly addNameRange     '2.25.6',
54 silly addNameRange     '2.25.7',
54 silly addNameRange     '2.25.8',
54 silly addNameRange     '2.25.9',
54 silly addNameRange     '2.25.10',
54 silly addNameRange     '2.26.0',
54 silly addNameRange     '3.2.0',
54 silly addNameRange     '2.26.1',
54 silly addNameRange     '2.26.2',
54 silly addNameRange     '2.26.3',
54 silly addNameRange     '2.26.4',
54 silly addNameRange     '2.26.5',
54 silly addNameRange     '2.26.6',
54 silly addNameRange     '2.27.0',
54 silly addNameRange     '3.3.0',
54 silly addNameRange     '2.27.1',
54 silly addNameRange     '3.3.1',
54 silly addNameRange     '2.27.2',
54 silly addNameRange     '3.3.2' ] ]
55 verbose addNamed [ 'connect', '3.3.2' ]
56 verbose addNamed [ '3.3.2', '3.3.2' ]
57 silly lockFile 5eec7900-connect-3-3-2 connect@3.3.2
58 verbose lock connect@3.3.2 /Users/martinpuertas/.npm/5eec7900-connect-3-3-2.lock
59 silly addNameRange number 2 { name: 'serve-static', range: '*', hasData: true }
60 silly addNameRange versions [ 'serve-static',
60 silly addNameRange   [ '1.0.0',
60 silly addNameRange     '1.0.1',
60 silly addNameRange     '1.0.2',
60 silly addNameRange     '1.0.3',
60 silly addNameRange     '1.0.4',
60 silly addNameRange     '1.1.0',
60 silly addNameRange     '1.2.0',
60 silly addNameRange     '1.2.1',
60 silly addNameRange     '1.2.2',
60 silly addNameRange     '1.2.3',
60 silly addNameRange     '1.3.0',
60 silly addNameRange     '1.3.1',
60 silly addNameRange     '1.3.2',
60 silly addNameRange     '1.4.0',
60 silly addNameRange     '1.4.1',
60 silly addNameRange     '1.4.2',
60 silly addNameRange     '1.4.3',
60 silly addNameRange     '1.4.4',
60 silly addNameRange     '1.5.0',
60 silly addNameRange     '1.5.1',
60 silly addNameRange     '1.5.2',
60 silly addNameRange     '1.5.3',
60 silly addNameRange     '1.5.4',
60 silly addNameRange     '1.6.0',
60 silly addNameRange     '1.6.1',
60 silly addNameRange     '1.6.2',
60 silly addNameRange     '1.6.3',
60 silly addNameRange     '1.6.4',
60 silly addNameRange     '1.7.0',
60 silly addNameRange     '1.7.1' ] ]
61 verbose addNamed [ 'serve-static', '1.7.1' ]
62 verbose addNamed [ '1.7.1', '1.7.1' ]
63 silly lockFile a220176a-serve-static-1-7-1 serve-static@1.7.1
64 verbose lock serve-static@1.7.1 /Users/martinpuertas/.npm/a220176a-serve-static-1-7-1.lock
65 silly lockFile 87398b6b-ve-static-serve-static-1-7-1-tgz https://registry.npmjs.org/serve-static/-/serve-static-1.7.1.tgz
66 verbose lock https://registry.npmjs.org/serve-static/-/serve-static-1.7.1.tgz /Users/martinpuertas/.npm/87398b6b-ve-static-serve-static-1-7-1-tgz.lock
67 verbose addRemoteTarball [ 'https://registry.npmjs.org/serve-static/-/serve-static-1.7.1.tgz',
67 verbose addRemoteTarball   '6ea54d5ba7ef563f00e5fad25d0e4f5307e9809b' ]
68 silly lockFile 5eec7900-connect-3-3-2 connect@3.3.2
69 silly lockFile 5eec7900-connect-3-3-2 connect@3.3.2
70 silly lockFile 6c45e0f3-connect connect@
71 silly lockFile 6c45e0f3-connect connect@
72 info retry fetch attempt 1 at 10:58:23
73 verbose fetch to= /var/folders/3s/b3n3lrms2hd_129gndgdy9mh0000gn/T/npm-703-IbXf2dHI/registry.npmjs.org/serve-static/-/serve-static-1.7.1.tgz
74 http GET https://registry.npmjs.org/serve-static/-/serve-static-1.7.1.tgz
75 http 200 https://registry.npmjs.org/serve-static/-/serve-static-1.7.1.tgz
76 silly lockFile 87398b6b-ve-static-serve-static-1-7-1-tgz https://registry.npmjs.org/serve-static/-/serve-static-1.7.1.tgz
77 silly lockFile 87398b6b-ve-static-serve-static-1-7-1-tgz https://registry.npmjs.org/serve-static/-/serve-static-1.7.1.tgz
78 silly lockFile a220176a-serve-static-1-7-1 serve-static@1.7.1
79 silly lockFile a220176a-serve-static-1-7-1 serve-static@1.7.1
80 silly lockFile 5f35dc5b-serve-static serve-static@
81 silly lockFile 5f35dc5b-serve-static serve-static@
82 error Error: EACCES, mkdir '/Users/martinpuertas/.npm/serve-static/1.7.1'
82 error  { [Error: EACCES, mkdir '/Users/martinpuertas/.npm/serve-static/1.7.1']
82 error   errno: 3,
82 error   code: 'EACCES',
82 error   path: '/Users/martinpuertas/.npm/serve-static/1.7.1' }
83 error Please try running this command again as root/Administrator.
84 error System Darwin 14.0.0
85 error command "node" "/usr/local/bin/npm" "install" "connect" "serve-static"
86 error cwd /Users/martinpuertas/Documents/Cursos Mejorandola/Diseño Web/Puls/Puls2014
87 error node -v v0.10.32
88 error npm -v 1.4.28
89 error path /Users/martinpuertas/.npm/serve-static/1.7.1
90 error code EACCES
91 error errno 3
92 error stack Error: EACCES, mkdir '/Users/martinpuertas/.npm/serve-static/1.7.1'
93 verbose exit [ 3, true ]
